{
  "0 debug pnpm:scope": {
    "selected": 1,
    "workspacePrefix": null
  },
  "1 debug pnpm": {
    "isCaseSensitive": true,
    "store": "/home/exorcist/.pnpm-store/2"
  },
  "2 error pnpm": {
    "message": {
      "code": "ERR_PNPM_UNEXPECTED_VIRTUAL_STORE",
      "expected": "/home/exorcist/Documents/affilate/update-counters-bot/node_modules/.pnpm",
      "actual": "/home/exorcist/Documents/affilate/upd-counters-bot/node_modules/.pnpm",
      "modulesDir": "/home/exorcist/Documents/affilate/upd-counters-bot/node_modules"
    },
    "err": {
      "name": "Error",
      "message": "Unexpected virtual store location",
      "code": "ERR_PNPM_UNEXPECTED_VIRTUAL_STORE",
      "stack": "Error: Unexpected virtual store location\n    at Object.checkCompatibility [as default] (/usr/lib/node_modules/pnpm/lib/node_modules/supi/lib/getContext/checkCompatibility/index.js:21:15)\n    at /usr/lib/node_modules/pnpm/lib/node_modules/supi/lib/getContext/index.js:137:41\n    at Array.map (<anonymous>)\n    at validateNodeModules (/usr/lib/node_modules/pnpm/lib/node_modules/supi/lib/getContext/index.js:135:33)\n    at Object.getContext [as default] (/usr/lib/node_modules/pnpm/lib/node_modules/supi/lib/getContext/index.js:20:15)\n    at processTicksAndRejections (internal/process/task_queues.js:93:5)\n    at async Object.mutateModules (/usr/lib/node_modules/pnpm/lib/node_modules/supi/lib/install/index.js:63:17)\n    at async Object.installCmd (/usr/lib/node_modules/pnpm/lib/cmd/install.js:72:35)"
    }
  }
}